In file included from [01m[K/usr/include/boost/preprocessor/tuple/elem.hpp:23[m[K,
                 from [01m[K/usr/include/boost/preprocessor/arithmetic/add.hpp:21[m[K,
                 from [01m[K/usr/include/boost/mpl/aux_/preprocessor/def_params_tail.hpp:66[m[K,
                 from [01m[K/usr/include/boost/mpl/aux_/na_spec.hpp:28[m[K,
                 from [01m[K/usr/include/boost/mpl/next_prior.hpp:18[m[K,
                 from [01m[K/usr/include/boost/mpl/next.hpp:17[m[K,
                 from [01m[K/usr/include/boost/mpl/list/aux_/push_front.hpp:18[m[K,
                 from [01m[K/usr/include/boost/mpl/list/list0.hpp:19[m[K,
                 from [01m[K/usr/include/boost/mpl/list/list10.hpp:18[m[K,
                 from [01m[K/usr/include/boost/mpl/list/list20.hpp:18[m[K,
                 from [01m[K/usr/include/boost/mpl/list.hpp:36[m[K,
                 from [01m[K/usr/include/boost/math/policies/policy.hpp:9[m[K,
                 from [01m[K/usr/include/boost/math/policies/error_handling.hpp:21[m[K,
                 from [01m[K/usr/include/boost/math/special_functions/round.hpp:14[m[K,
                 from [01m[K/opt/ros/noetic/include/ros/time.h:58[m[K,
                 from [01m[K/opt/ros/noetic/include/ros/ros.h:38[m[K,
                 from [01m[K/home/leah/catkin_ws/src/LIO-SAM/include/utility.h:6[m[K,
                 from [01m[K/home/leah/catkin_ws/src/LIO-SAM/src/imageProjection.cpp:1[m[K:
[01m[K/home/leah/catkin_ws/src/LIO-SAM/src/imageProjection.cpp:14:6:[m[K [01;35m[Kwarning: [m[K‘[01m[Kusing uint16_t = uint16_t[m[K’ is deprecated: use std::uint16_t instead of pcl::uint16_t [[01;35m[K-Wdeprecated-declarations[m[K]
   14 |     ([01;35m[Kuint16_t[m[K, ring, ring) (float, time, time)
      |      [01;35m[K^~~~~~~~[m[K
In file included from [01m[K/usr/include/pcl-1.10/pcl/PCLHeader.h:10[m[K,
                 from [01m[K/usr/include/pcl-1.10/pcl/point_cloud.h:47[m[K,
                 from [01m[K/home/leah/catkin_ws/src/LIO-SAM/include/utility.h:18[m[K,
                 from [01m[K/home/leah/catkin_ws/src/LIO-SAM/src/imageProjection.cpp:1[m[K:
[01m[K/usr/include/pcl-1.10/pcl/pcl_macros.h:94:9:[m[K [01;36m[Knote: [m[Kdeclared here
   94 |   using [01;36m[Kuint16_t[m[K [[deprecated("use std::uint16_t instead of pcl::uint16_t")]] = std::uint16_t;
      |         [01;36m[K^~~~~~~~[m[K
In file included from [01m[K/usr/include/boost/preprocessor/tuple/elem.hpp:23[m[K,
                 from [01m[K/usr/include/boost/preprocessor/arithmetic/add.hpp:21[m[K,
                 from [01m[K/usr/include/boost/mpl/aux_/preprocessor/def_params_tail.hpp:66[m[K,
                 from [01m[K/usr/include/boost/mpl/aux_/na_spec.hpp:28[m[K,
                 from [01m[K/usr/include/boost/mpl/next_prior.hpp:18[m[K,
                 from [01m[K/usr/include/boost/mpl/next.hpp:17[m[K,
                 from [01m[K/usr/include/boost/mpl/list/aux_/push_front.hpp:18[m[K,
                 from [01m[K/usr/include/boost/mpl/list/list0.hpp:19[m[K,
                 from [01m[K/usr/include/boost/mpl/list/list10.hpp:18[m[K,
                 from [01m[K/usr/include/boost/mpl/list/list20.hpp:18[m[K,
                 from [01m[K/usr/include/boost/mpl/list.hpp:36[m[K,
                 from [01m[K/usr/include/boost/math/policies/policy.hpp:9[m[K,
                 from [01m[K/usr/include/boost/math/policies/error_handling.hpp:21[m[K,
                 from [01m[K/usr/include/boost/math/special_functions/round.hpp:14[m[K,
                 from [01m[K/opt/ros/noetic/include/ros/time.h:58[m[K,
                 from [01m[K/opt/ros/noetic/include/ros/ros.h:38[m[K,
                 from [01m[K/home/leah/catkin_ws/src/LIO-SAM/include/utility.h:6[m[K,
                 from [01m[K/home/leah/catkin_ws/src/LIO-SAM/src/imageProjection.cpp:1[m[K:
[01m[K/home/leah/catkin_ws/src/LIO-SAM/src/imageProjection.cpp:29:6:[m[K [01;35m[Kwarning: [m[K‘[01m[Kusing uint32_t = uint32_t[m[K’ is deprecated: use std::uint32_t instead of pcl::uint32_t [[01;35m[K-Wdeprecated-declarations[m[K]
   29 |     ([01;35m[Kuint32_t[m[K, t, t) (uint16_t, reflectivity, reflectivity)
      |      [01;35m[K^~~~~~~~[m[K
In file included from [01m[K/usr/include/pcl-1.10/pcl/PCLHeader.h:10[m[K,
                 from [01m[K/usr/include/pcl-1.10/pcl/point_cloud.h:47[m[K,
                 from [01m[K/home/leah/catkin_ws/src/LIO-SAM/include/utility.h:18[m[K,
                 from [01m[K/home/leah/catkin_ws/src/LIO-SAM/src/imageProjection.cpp:1[m[K:
[01m[K/usr/include/pcl-1.10/pcl/pcl_macros.h:96:9:[m[K [01;36m[Knote: [m[Kdeclared here
   96 |   using [01;36m[Kuint32_t[m[K [[deprecated("use std::uint32_t instead of pcl::uint32_t")]] = std::uint32_t;
      |         [01;36m[K^~~~~~~~[m[K
In file included from [01m[K/usr/include/boost/preprocessor/tuple/elem.hpp:23[m[K,
                 from [01m[K/usr/include/boost/preprocessor/arithmetic/add.hpp:21[m[K,
                 from [01m[K/usr/include/boost/mpl/aux_/preprocessor/def_params_tail.hpp:66[m[K,
                 from [01m[K/usr/include/boost/mpl/aux_/na_spec.hpp:28[m[K,
                 from [01m[K/usr/include/boost/mpl/next_prior.hpp:18[m[K,
                 from [01m[K/usr/include/boost/mpl/next.hpp:17[m[K,
                 from [01m[K/usr/include/boost/mpl/list/aux_/push_front.hpp:18[m[K,
                 from [01m[K/usr/include/boost/mpl/list/list0.hpp:19[m[K,
                 from [01m[K/usr/include/boost/mpl/list/list10.hpp:18[m[K,
                 from [01m[K/usr/include/boost/mpl/list/list20.hpp:18[m[K,
                 from [01m[K/usr/include/boost/mpl/list.hpp:36[m[K,
                 from [01m[K/usr/include/boost/math/policies/policy.hpp:9[m[K,
                 from [01m[K/usr/include/boost/math/policies/error_handling.hpp:21[m[K,
                 from [01m[K/usr/include/boost/math/special_functions/round.hpp:14[m[K,
                 from [01m[K/opt/ros/noetic/include/ros/time.h:58[m[K,
                 from [01m[K/opt/ros/noetic/include/ros/ros.h:38[m[K,
                 from [01m[K/home/leah/catkin_ws/src/LIO-SAM/include/utility.h:6[m[K,
                 from [01m[K/home/leah/catkin_ws/src/LIO-SAM/src/imageProjection.cpp:1[m[K:
[01m[K/home/leah/catkin_ws/src/LIO-SAM/src/imageProjection.cpp:29:23:[m[K [01;35m[Kwarning: [m[K‘[01m[Kusing uint16_t = uint16_t[m[K’ is deprecated: use std::uint16_t instead of pcl::uint16_t [[01;35m[K-Wdeprecated-declarations[m[K]
   29 |     (uint32_t, t, t) ([01;35m[Kuint16_t[m[K, reflectivity, reflectivity)
      |                       [01;35m[K^~~~~~~~[m[K
In file included from [01m[K/usr/include/pcl-1.10/pcl/PCLHeader.h:10[m[K,
                 from [01m[K/usr/include/pcl-1.10/pcl/point_cloud.h:47[m[K,
                 from [01m[K/home/leah/catkin_ws/src/LIO-SAM/include/utility.h:18[m[K,
                 from [01m[K/home/leah/catkin_ws/src/LIO-SAM/src/imageProjection.cpp:1[m[K:
[01m[K/usr/include/pcl-1.10/pcl/pcl_macros.h:94:9:[m[K [01;36m[Knote: [m[Kdeclared here
   94 |   using [01;36m[Kuint16_t[m[K [[deprecated("use std::uint16_t instead of pcl::uint16_t")]] = std::uint16_t;
      |         [01;36m[K^~~~~~~~[m[K
In file included from [01m[K/usr/include/boost/preprocessor/tuple/elem.hpp:23[m[K,
                 from [01m[K/usr/include/boost/preprocessor/arithmetic/add.hpp:21[m[K,
                 from [01m[K/usr/include/boost/mpl/aux_/preprocessor/def_params_tail.hpp:66[m[K,
                 from [01m[K/usr/include/boost/mpl/aux_/na_spec.hpp:28[m[K,
                 from [01m[K/usr/include/boost/mpl/next_prior.hpp:18[m[K,
                 from [01m[K/usr/include/boost/mpl/next.hpp:17[m[K,
                 from [01m[K/usr/include/boost/mpl/list/aux_/push_front.hpp:18[m[K,
                 from [01m[K/usr/include/boost/mpl/list/list0.hpp:19[m[K,
                 from [01m[K/usr/include/boost/mpl/list/list10.hpp:18[m[K,
                 from [01m[K/usr/include/boost/mpl/list/list20.hpp:18[m[K,
                 from [01m[K/usr/include/boost/mpl/list.hpp:36[m[K,
                 from [01m[K/usr/include/boost/math/policies/policy.hpp:9[m[K,
                 from [01m[K/usr/include/boost/math/policies/error_handling.hpp:21[m[K,
                 from [01m[K/usr/include/boost/math/special_functions/round.hpp:14[m[K,
                 from [01m[K/opt/ros/noetic/include/ros/time.h:58[m[K,
                 from [01m[K/opt/ros/noetic/include/ros/ros.h:38[m[K,
                 from [01m[K/home/leah/catkin_ws/src/LIO-SAM/include/utility.h:6[m[K,
                 from [01m[K/home/leah/catkin_ws/src/LIO-SAM/src/imageProjection.cpp:1[m[K:
[01m[K/home/leah/catkin_ws/src/LIO-SAM/src/imageProjection.cpp:30:6:[m[K [01;35m[Kwarning: [m[K‘[01m[Kusing uint8_t = uint8_t[m[K’ is deprecated: use std::uint8_t instead of pcl::uint8_t [[01;35m[K-Wdeprecated-declarations[m[K]
   30 |     ([01;35m[Kuint8_t[m[K, ring, ring) (uint16_t, noise, noise) (uint32_t, range, range)
      |      [01;35m[K^~~~~~~[m[K
In file included from [01m[K/usr/include/pcl-1.10/pcl/PCLHeader.h:10[m[K,
                 from [01m[K/usr/include/pcl-1.10/pcl/point_cloud.h:47[m[K,
                 from [01m[K/home/leah/catkin_ws/src/LIO-SAM/include/utility.h:18[m[K,
                 from [01m[K/home/leah/catkin_ws/src/LIO-SAM/src/imageProjection.cpp:1[m[K:
[01m[K/usr/include/pcl-1.10/pcl/pcl_macros.h:92:9:[m[K [01;36m[Knote: [m[Kdeclared here
   92 |   using [01;36m[Kuint8_t[m[K [[deprecated("use std::uint8_t instead of pcl::uint8_t")]] = std::uint8_t;
      |         [01;36m[K^~~~~~~[m[K
In file included from [01m[K/usr/include/boost/preprocessor/tuple/elem.hpp:23[m[K,
                 from [01m[K/usr/include/boost/preprocessor/arithmetic/add.hpp:21[m[K,
                 from [01m[K/usr/include/boost/mpl/aux_/preprocessor/def_params_tail.hpp:66[m[K,
                 from [01m[K/usr/include/boost/mpl/aux_/na_spec.hpp:28[m[K,
                 from [01m[K/usr/include/boost/mpl/next_prior.hpp:18[m[K,
                 from [01m[K/usr/include/boost/mpl/next.hpp:17[m[K,
                 from [01m[K/usr/include/boost/mpl/list/aux_/push_front.hpp:18[m[K,
                 from [01m[K/usr/include/boost/mpl/list/list0.hpp:19[m[K,
                 from [01m[K/usr/include/boost/mpl/list/list10.hpp:18[m[K,
                 from [01m[K/usr/include/boost/mpl/list/list20.hpp:18[m[K,
                 from [01m[K/usr/include/boost/mpl/list.hpp:36[m[K,
                 from [01m[K/usr/include/boost/math/policies/policy.hpp:9[m[K,
                 from [01m[K/usr/include/boost/math/policies/error_handling.hpp:21[m[K,
                 from [01m[K/usr/include/boost/math/special_functions/round.hpp:14[m[K,
                 from [01m[K/opt/ros/noetic/include/ros/time.h:58[m[K,
                 from [01m[K/opt/ros/noetic/include/ros/ros.h:38[m[K,
                 from [01m[K/home/leah/catkin_ws/src/LIO-SAM/include/utility.h:6[m[K,
                 from [01m[K/home/leah/catkin_ws/src/LIO-SAM/src/imageProjection.cpp:1[m[K:
[01m[K/home/leah/catkin_ws/src/LIO-SAM/src/imageProjection.cpp:30:28:[m[K [01;35m[Kwarning: [m[K‘[01m[Kusing uint16_t = uint16_t[m[K’ is deprecated: use std::uint16_t instead of pcl::uint16_t [[01;35m[K-Wdeprecated-declarations[m[K]
   30 |     (uint8_t, ring, ring) ([01;35m[Kuint16_t[m[K, noise, noise) (uint32_t, range, range)
      |                            [01;35m[K^~~~~~~~[m[K
In file included from [01m[K/usr/include/pcl-1.10/pcl/PCLHeader.h:10[m[K,
                 from [01m[K/usr/include/pcl-1.10/pcl/point_cloud.h:47[m[K,
                 from [01m[K/home/leah/catkin_ws/src/LIO-SAM/include/utility.h:18[m[K,
                 from [01m[K/home/leah/catkin_ws/src/LIO-SAM/src/imageProjection.cpp:1[m[K:
[01m[K/usr/include/pcl-1.10/pcl/pcl_macros.h:94:9:[m[K [01;36m[Knote: [m[Kdeclared here
   94 |   using [01;36m[Kuint16_t[m[K [[deprecated("use std::uint16_t instead of pcl::uint16_t")]] = std::uint16_t;
      |         [01;36m[K^~~~~~~~[m[K
In file included from [01m[K/usr/include/boost/preprocessor/tuple/elem.hpp:23[m[K,
                 from [01m[K/usr/include/boost/preprocessor/arithmetic/add.hpp:21[m[K,
                 from [01m[K/usr/include/boost/mpl/aux_/preprocessor/def_params_tail.hpp:66[m[K,
                 from [01m[K/usr/include/boost/mpl/aux_/na_spec.hpp:28[m[K,
                 from [01m[K/usr/include/boost/mpl/next_prior.hpp:18[m[K,
                 from [01m[K/usr/include/boost/mpl/next.hpp:17[m[K,
                 from [01m[K/usr/include/boost/mpl/list/aux_/push_front.hpp:18[m[K,
                 from [01m[K/usr/include/boost/mpl/list/list0.hpp:19[m[K,
                 from [01m[K/usr/include/boost/mpl/list/list10.hpp:18[m[K,
                 from [01m[K/usr/include/boost/mpl/list/list20.hpp:18[m[K,
                 from [01m[K/usr/include/boost/mpl/list.hpp:36[m[K,
                 from [01m[K/usr/include/boost/math/policies/policy.hpp:9[m[K,
                 from [01m[K/usr/include/boost/math/policies/error_handling.hpp:21[m[K,
                 from [01m[K/usr/include/boost/math/special_functions/round.hpp:14[m[K,
                 from [01m[K/opt/ros/noetic/include/ros/time.h:58[m[K,
                 from [01m[K/opt/ros/noetic/include/ros/ros.h:38[m[K,
                 from [01m[K/home/leah/catkin_ws/src/LIO-SAM/include/utility.h:6[m[K,
                 from [01m[K/home/leah/catkin_ws/src/LIO-SAM/src/imageProjection.cpp:1[m[K:
[01m[K/home/leah/catkin_ws/src/LIO-SAM/src/imageProjection.cpp:30:53:[m[K [01;35m[Kwarning: [m[K‘[01m[Kusing uint32_t = uint32_t[m[K’ is deprecated: use std::uint32_t instead of pcl::uint32_t [[01;35m[K-Wdeprecated-declarations[m[K]
   30 |     (uint8_t, ring, ring) (uint16_t, noise, noise) ([01;35m[Kuint32_t[m[K, range, range)
      |                                                     [01;35m[K^~~~~~~~[m[K
In file included from [01m[K/usr/include/pcl-1.10/pcl/PCLHeader.h:10[m[K,
                 from [01m[K/usr/include/pcl-1.10/pcl/point_cloud.h:47[m[K,
                 from [01m[K/home/leah/catkin_ws/src/LIO-SAM/include/utility.h:18[m[K,
                 from [01m[K/home/leah/catkin_ws/src/LIO-SAM/src/imageProjection.cpp:1[m[K:
[01m[K/usr/include/pcl-1.10/pcl/pcl_macros.h:96:9:[m[K [01;36m[Knote: [m[Kdeclared here
   96 |   using [01;36m[Kuint32_t[m[K [[deprecated("use std::uint32_t instead of pcl::uint32_t")]] = std::uint32_t;
      |         [01;36m[K^~~~~~~~[m[K
[01m[K/home/leah/catkin_ws/src/LIO-SAM/src/mapOptmization.cpp:[m[K In member function ‘[01m[Kbool mapOptimization::saveMapService(lio_sam::save_mapRequest&, lio_sam::save_mapResponse&)[m[K’:
[01m[K/home/leah/catkin_ws/src/LIO-SAM/src/mapOptmization.cpp:365:11:[m[K [01;35m[Kwarning: [m[Kvariable ‘[01m[Kunused[m[K’ set but not used [[01;35m[K-Wunused-but-set-variable[m[K]
  365 |       int [01;35m[Kunused[m[K = system((std::string("exec rm -r ") + saveMapDirectory).c_str());
      |           [01;35m[K^~~~~~[m[K
[01m[K/home/leah/catkin_ws/src/LIO-SAM/src/mapOptmization.cpp:[m[K In member function ‘[01m[Kvoid mapOptimization::publishFrames()[m[K’:
[01m[K/home/leah/catkin_ws/src/LIO-SAM/src/mapOptmization.cpp:1741:37:[m[K [01;35m[Kwarning: [m[Kcomparison of integer expressions of different signedness: ‘[01m[Kint[m[K’ and ‘[01m[Kstd::size_t[m[K’ {aka ‘[01m[Klong unsigned int[m[K’} [[01;35m[K-Wsign-compare[m[K]
 1741 |             if ([01;35m[KlastSLAMInfoPubSize != cloudKeyPoses6D->size()[m[K)
      |                 [01;35m[K~~~~~~~~~~~~~~~~~~~~^~~~~~~~~~~~~~~~~~~~~~~~~~[m[K
[01m[K/home/leah/catkin_ws/src/LIO-SAM/src/imuPreintegration.cpp:[m[K In constructor ‘[01m[KTransformFusion::TransformFusion()[m[K’:
[01m[K/home/leah/catkin_ws/src/LIO-SAM/src/imuPreintegration.cpp:53:43:[m[K [01;35m[Kwarning: [m[Kcatching polymorphic type ‘[01m[Ktf::TransformException[m[K’ {aka ‘[01m[Kclass tf2::TransformException[m[K’} by value [[01;35m[K-Wcatch-value=[m[K]
   53 |             catch (tf::TransformException [01;35m[Kex[m[K)
      |                                           [01;35m[K^~[m[K
